<?xml version="1.0" encoding="UTF-8"?>
<robot generator="Robot 7.0.1 (Python 3.12.4 on win32)" generated="2024-07-27T13:09:10.121710" rpa="false" schemaversion="5">
<suite id="s1" name="TC 004 Delete request" source="D:\shubham\Robot_Framework\TC_004_Delete_request.robot">
<test id="s1-t1" name="TC_04 Delete Request" line="11">
<kw name="Create Session" owner="RequestsLibrary">
<msg time="2024-07-27T13:09:10.603827" level="INFO">Creating Session using : alias=Student_info, url=https://thetestingworldapi.com, headers={},                     cookies={}, auth=None, timeout=None, proxies=None, verify=False,                     debug=0 </msg>
<arg>Student_info</arg>
<arg>${Base_URL}</arg>
<doc>Create Session: create a HTTP session to a server</doc>
<status status="PASS" start="2024-07-27T13:09:10.603827" elapsed="0.002427"/>
</kw>
<kw name="Delete Request" owner="RequestsLibrary">
<msg time="2024-07-27T13:09:10.606254" level="WARN">Keyword 'RequestsLibrary.Delete Request' is deprecated. Please use `DELETE On Session` instead.</msg>
<msg time="2024-07-27T13:09:10.762865" level="INFO">DELETE Request : url=https://thetestingworldapi.com/api/studentsDetails/10300920 
 path_url=/api/studentsDetails/10300920 
 headers={'User-Agent': 'python-requests/2.32.3', 'Accept-Encoding': 'gzip, deflate', 'Accept': '*/*', 'Connection': 'keep-alive', 'Content-Length': '0'} 
 body=None 
 </msg>
<msg time="2024-07-27T13:09:10.776259" level="INFO">DELETE Response : url=https://thetestingworldapi.com/api/studentsDetails/10300920 
 status=200, reason=OK 
 headers={'Cache-Control': 'no-cache', 'Pragma': 'no-cache', 'Content-Type': 'application/json; charset=utf-8', 'Expires': '-1', 'Server': 'Microsoft-IIS/10.0', 'X-AspNet-Version': '4.0.30319', 'X-Powered-By': 'ASP.NET', 'X-Powered-By-Plesk': 'PleskWin', 'Date': 'Sat, 27 Jul 2024 07:39:02 GMT', 'Content-Length': '43'} 
 body={"status":"false","msg":"record not found"} 
 </msg>
<msg time="2024-07-27T13:09:10.776259" level="INFO">C:\Users\kumarshu\AppData\Local\Programs\Python\Python312\Lib\site-packages\urllib3\connectionpool.py:1103: InsecureRequestWarning: Unverified HTTPS request is being made to host 'thetestingworldapi.com'. Adding certificate verification is strongly advised. See: https://urllib3.readthedocs.io/en/latest/advanced-usage.html#tls-warnings
  warnings.warn(</msg>
<msg time="2024-07-27T13:09:10.776795" level="INFO">${Response} = &lt;Response [200]&gt;</msg>
<var>${Response}</var>
<arg>Student_info</arg>
<arg>api/studentsDetails/${Student_ID}</arg>
<doc>*DEPRECATED* Please use `DELETE On Session` instead.</doc>
<status status="PASS" start="2024-07-27T13:09:10.606254" elapsed="0.170541"/>
</kw>
<kw name="Convert To String" owner="BuiltIn">
<msg time="2024-07-27T13:09:10.778420" level="INFO">${Response_code} = 200</msg>
<var>${Response_code}</var>
<arg>${Response.status_code}</arg>
<doc>Converts the given item to a Unicode string.</doc>
<status status="PASS" start="2024-07-27T13:09:10.777909" elapsed="0.000511"/>
</kw>
<kw name="Should Be Equal" owner="BuiltIn">
<arg>${Response_code}</arg>
<arg>200</arg>
<doc>Fails if the given objects are unequal.</doc>
<status status="PASS" start="2024-07-27T13:09:10.779583" elapsed="0.000000"/>
</kw>
<status status="PASS" start="2024-07-27T13:09:10.603827" elapsed="0.176766"/>
</test>
<status status="PASS" start="2024-07-27T13:09:10.129909" elapsed="0.650684"/>
</suite>
<statistics>
<total>
<stat pass="1" fail="0" skip="0">All Tests</stat>
</total>
<tag>
</tag>
<suite>
<stat pass="1" fail="0" skip="0" id="s1" name="TC 004 Delete request">TC 004 Delete request</stat>
</suite>
</statistics>
<errors>
<msg time="2024-07-27T13:09:10.606254" level="WARN">Keyword 'RequestsLibrary.Delete Request' is deprecated. Please use `DELETE On Session` instead.</msg>
</errors>
</robot>
